# JRE version: OpenJDK Runtime Environment (11.0.13) (build 11.0.13+0-b1751.21-8125866)
# Java VM: OpenJDK 64-Bit Server VM (11.0.13+0-b1751.21-8125866, mixed mode, tiered, compressed oops, g1 gc, windows-amd64)
Heap:
 garbage-first heap   total 433152K, used 322715K [0x0000000080000000, 0x0000000100000000)
  region size 1024K, 116 young (118784K), 6 survivors (6144K)
 Metaspace       used 121615K, capacity 125721K, committed 125948K, reserved 1157120K
  class space    used 15637K, capacity 17398K, committed 17484K, reserved 1048576K
GC Heap History (20 events):
Event: 50.271 GC heap before
{Heap before GC invocations=42 (full 0):
 garbage-first heap   total 236544K, used 194386K [0x0000000080000000, 0x0000000100000000)
  region size 1024K, 52 young (53248K), 7 survivors (7168K)
 Metaspace       used 114687K, capacity 117969K, committed 118140K, reserved 1150976K
  class space    used 14668K, capacity 16072K, committed 16076K, reserved 1048576K
}
Event: 50.292 GC heap after
{Heap after GC invocations=43 (full 0):
 garbage-first heap   total 284672K, used 156804K [0x0000000080000000, 0x0000000100000000)
  region size 1024K, 7 young (7168K), 7 survivors (7168K)
 Metaspace       used 114687K, capacity 117969K, committed 118140K, reserved 1150976K
  class space    used 14668K, capacity 16072K, committed 16076K, reserved 1048576K
}
Event: 50.784 GC heap before
{Heap before GC invocations=43 (full 0):
 garbage-first heap   total 284672K, used 221316K [0x0000000080000000, 0x0000000100000000)
  region size 1024K, 70 young (71680K), 7 survivors (7168K)
 Metaspace       used 117147K, capacity 120713K, committed 120956K, reserved 1153024K
  class space    used 15075K, capacity 16587K, committed 16588K, reserved 1048576K
}
Event: 50.806 GC heap after
{Heap after GC invocations=44 (full 0):
 garbage-first heap   total 284672K, used 167936K [0x0000000080000000, 0x0000000100000000)
  region size 1024K, 9 young (9216K), 9 survivors (9216K)
 Metaspace       used 117147K, capacity 120713K, committed 120956K, reserved 1153024K
  class space    used 15075K, capacity 16587K, committed 16588K, reserved 1048576K
}
Event: 51.185 GC heap before
{Heap before GC invocations=44 (full 0):
 garbage-first heap   total 284672K, used 226304K [0x0000000080000000, 0x0000000100000000)
  region size 1024K, 67 young (68608K), 9 survivors (9216K)
 Metaspace       used 118857K, capacity 122584K, committed 122876K, reserved 1155072K
  class space    used 15334K, capacity 16932K, committed 16972K, reserved 1048576K
}
Event: 51.203 GC heap after
{Heap after GC invocations=45 (full 0):
 garbage-first heap   total 284672K, used 176149K [0x0000000080000000, 0x0000000100000000)
  region size 1024K, 8 young (8192K), 8 survivors (8192K)
 Metaspace       used 118857K, capacity 122584K, committed 122876K, reserved 1155072K
  class space    used 15334K, capacity 16932K, committed 16972K, reserved 1048576K
}
Event: 51.492 GC heap before
{Heap before GC invocations=45 (full 0):
 garbage-first heap   total 284672K, used 231445K [0x0000000080000000, 0x0000000100000000)
  region size 1024K, 63 young (64512K), 8 survivors (8192K)
 Metaspace       used 119617K, capacity 123627K, committed 123900K, reserved 1157120K
  class space    used 15470K, capacity 17191K, committed 17228K, reserved 1048576K
}
Event: 51.509 GC heap after
{Heap after GC invocations=46 (full 0):
 garbage-first heap   total 284672K, used 183511K [0x0000000080000000, 0x0000000100000000)
  region size 1024K, 8 young (8192K), 8 survivors (8192K)
 Metaspace       used 119617K, capacity 123627K, committed 123900K, reserved 1157120K
  class space    used 15470K, capacity 17191K, committed 17228K, reserved 1048576K
}
Event: 51.810 GC heap before
{Heap before GC invocations=46 (full 0):
 garbage-first heap   total 284672K, used 234711K [0x0000000080000000, 0x0000000100000000)
  region size 1024K, 58 young (59392K), 8 survivors (8192K)
 Metaspace       used 119992K, capacity 123974K, committed 124156K, reserved 1157120K
  class space    used 15475K, capacity 17194K, committed 17228K, reserved 1048576K
}
Event: 51.831 GC heap after
{Heap after GC invocations=47 (full 0):
 garbage-first heap   total 363520K, used 190945K [0x0000000080000000, 0x0000000100000000)
  region size 1024K, 8 young (8192K), 8 survivors (8192K)
 Metaspace       used 119992K, capacity 123974K, committed 124156K, reserved 1157120K
  class space    used 15475K, capacity 17194K, committed 17228K, reserved 1048576K
}
Event: 52.240 GC heap before
{Heap before GC invocations=47 (full 0):
 garbage-first heap   total 363520K, used 267745K [0x0000000080000000, 0x0000000100000000)
  region size 1024K, 83 young (84992K), 8 survivors (8192K)
 Metaspace       used 120408K, capacity 124419K, committed 124540K, reserved 1157120K
  class space    used 15554K, capacity 17276K, committed 17356K, reserved 1048576K
}
Event: 52.253 GC heap after
{Heap after GC invocations=48 (full 0):
 garbage-first heap   total 363520K, used 195584K [0x0000000080000000, 0x0000000100000000)
  region size 1024K, 6 young (6144K), 6 survivors (6144K)
 Metaspace       used 120408K, capacity 124419K, committed 124540K, reserved 1157120K
  class space    used 15554K, capacity 17276K, committed 17356K, reserved 1048576K
}
Event: 52.712 GC heap before
{Heap before GC invocations=48 (full 0):
 garbage-first heap   total 363520K, used 274432K [0x0000000080000000, 0x0000000100000000)
  region size 1024K, 84 young (86016K), 6 survivors (6144K)
 Metaspace       used 120673K, capacity 124724K, committed 124796K, reserved 1157120K
  class space    used 15570K, capacity 17291K, committed 17356K, reserved 1048576K
}
Event: 52.724 GC heap after
{Heap after GC invocations=49 (full 0):
 garbage-first heap   total 363520K, used 198946K [0x0000000080000000, 0x0000000100000000)
  region size 1024K, 10 young (10240K), 10 survivors (10240K)
 Metaspace       used 120673K, capacity 124724K, committed 124796K, reserved 1157120K
  class space    used 15570K, capacity 17291K, committed 17356K, reserved 1048576K
}
Event: 53.185 GC heap before
{Heap before GC invocations=49 (full 0):
 garbage-first heap   total 363520K, used 279842K [0x0000000080000000, 0x0000000100000000)
  region size 1024K, 90 young (92160K), 10 survivors (10240K)
 Metaspace       used 120965K, capacity 124992K, committed 125052K, reserved 1157120K
  class space    used 15583K, capacity 17313K, committed 17356K, reserved 1048576K
}
Event: 53.198 GC heap after
{Heap after GC invocations=50 (full 0):
 garbage-first heap   total 363520K, used 202496K [0x0000000080000000, 0x0000000100000000)
  region size 1024K, 9 young (9216K), 9 survivors (9216K)
 Metaspace       used 120965K, capacity 124992K, committed 125052K, reserved 1157120K
  class space    used 15583K, capacity 17313K, committed 17356K, reserved 1048576K
}
Event: 53.582 GC heap before
{Heap before GC invocations=50 (full 0):
 garbage-first heap   total 363520K, used 286464K [0x0000000080000000, 0x0000000100000000)
  region size 1024K, 91 young (93184K), 9 survivors (9216K)
 Metaspace       used 121277K, capacity 125357K, committed 125692K, reserved 1157120K
  class space    used 15612K, capacity 17368K, committed 17484K, reserved 1048576K
}
Event: 53.599 GC heap after
{Heap after GC invocations=51 (full 0):
 garbage-first heap   total 363520K, used 209409K [0x0000000080000000, 0x0000000100000000)
  region size 1024K, 12 young (12288K), 12 survivors (12288K)
 Metaspace       used 121277K, capacity 125357K, committed 125692K, reserved 1157120K
  class space    used 15612K, capacity 17368K, committed 17484K, reserved 1048576K
}
Event: 53.975 GC heap before
{Heap before GC invocations=51 (full 0):
 garbage-first heap   total 363520K, used 291329K [0x0000000080000000, 0x0000000100000000)
  region size 1024K, 93 young (95232K), 12 survivors (12288K)
 Metaspace       used 121443K, capacity 125571K, committed 125692K, reserved 1157120K
  class space    used 15630K, capacity 17394K, committed 17484K, reserved 1048576K
}
Event: 53.998 GC heap after
{Heap after GC invocations=52 (full 0):
 garbage-first heap   total 433152K, used 212123K [0x0000000080000000, 0x0000000100000000)
  region size 1024K, 6 young (6144K), 6 survivors (6144K)
 Metaspace       used 121443K, capacity 125571K, committed 125692K, reserved 1157120K
  class space    used 15630K, capacity 17394K, committed 17484K, reserved 1048576K
}

