# JRE version: OpenJDK Runtime Environment (11.0.13) (build 11.0.13+0-b1751.21-8125866)
# Java VM: OpenJDK 64-Bit Server VM (11.0.13+0-b1751.21-8125866, mixed mode, tiered, compressed oops, g1 gc, windows-amd64)
Heap:
 garbage-first heap   total 196608K, used 158958K [0x0000000080000000, 0x0000000100000000)
  region size 1024K, 21 young (21504K), 3 survivors (3072K)
 Metaspace       used 123298K, capacity 126842K, committed 127056K, reserved 1159168K
  class space    used 15403K, capacity 16743K, committed 16800K, reserved 1048576K
GC Heap History (20 events):
Event: 2914.207 GC heap before
{Heap before GC invocations=40 (full 0):
 garbage-first heap   total 196608K, used 123078K [0x0000000080000000, 0x0000000100000000)
  region size 1024K, 9 young (9216K), 5 survivors (5120K)
 Metaspace       used 107708K, capacity 110314K, committed 110544K, reserved 1144832K
  class space    used 13562K, capacity 14592K, committed 14624K, reserved 1048576K
}
Event: 2914.218 GC heap after
{Heap after GC invocations=41 (full 0):
 garbage-first heap   total 196608K, used 116120K [0x0000000080000000, 0x0000000100000000)
  region size 1024K, 1 young (1024K), 1 survivors (1024K)
 Metaspace       used 107708K, capacity 110314K, committed 110544K, reserved 1144832K
  class space    used 13562K, capacity 14592K, committed 14624K, reserved 1048576K
}
Event: 2918.612 GC heap before
{Heap before GC invocations=41 (full 0):
 garbage-first heap   total 196608K, used 168344K [0x0000000080000000, 0x0000000100000000)
  region size 1024K, 48 young (49152K), 1 survivors (1024K)
 Metaspace       used 109090K, capacity 111675K, committed 111952K, reserved 1146880K
  class space    used 13694K, capacity 14704K, committed 14752K, reserved 1048576K
}
Event: 2918.623 GC heap after
{Heap after GC invocations=42 (full 0):
 garbage-first heap   total 196608K, used 131153K [0x0000000080000000, 0x0000000100000000)
  region size 1024K, 6 young (6144K), 6 survivors (6144K)
 Metaspace       used 109090K, capacity 111675K, committed 111952K, reserved 1146880K
  class space    used 13694K, capacity 14704K, committed 14752K, reserved 1048576K
}
Event: 2919.425 GC heap before
{Heap before GC invocations=43 (full 0):
 garbage-first heap   total 196608K, used 165969K [0x0000000080000000, 0x0000000100000000)
  region size 1024K, 37 young (37888K), 6 survivors (6144K)
 Metaspace       used 112913K, capacity 115657K, committed 115792K, reserved 1150976K
  class space    used 14160K, capacity 15200K, committed 15264K, reserved 1048576K
}
Event: 2919.437 GC heap after
{Heap after GC invocations=44 (full 0):
 garbage-first heap   total 196608K, used 141312K [0x0000000080000000, 0x0000000100000000)
  region size 1024K, 5 young (5120K), 5 survivors (5120K)
 Metaspace       used 112913K, capacity 115657K, committed 115792K, reserved 1150976K
  class space    used 14160K, capacity 15200K, committed 15264K, reserved 1048576K
}
Event: 2919.558 GC heap before
{Heap before GC invocations=44 (full 0):
 garbage-first heap   total 196608K, used 145408K [0x0000000080000000, 0x0000000100000000)
  region size 1024K, 9 young (9216K), 5 survivors (5120K)
 Metaspace       used 113445K, capacity 116256K, committed 116432K, reserved 1150976K
  class space    used 14226K, capacity 15293K, committed 15392K, reserved 1048576K
}
Event: 2919.570 GC heap after
{Heap after GC invocations=45 (full 0):
 garbage-first heap   total 196608K, used 140337K [0x0000000080000000, 0x0000000100000000)
  region size 1024K, 1 young (1024K), 1 survivors (1024K)
 Metaspace       used 113445K, capacity 116256K, committed 116432K, reserved 1150976K
  class space    used 14226K, capacity 15293K, committed 15392K, reserved 1048576K
}
Event: 2920.177 GC heap before
{Heap before GC invocations=45 (full 0):
 garbage-first heap   total 196608K, used 162865K [0x0000000080000000, 0x0000000100000000)
  region size 1024K, 23 young (23552K), 1 survivors (1024K)
 Metaspace       used 117012K, capacity 119893K, committed 120144K, reserved 1153024K
  class space    used 14572K, capacity 15695K, committed 15776K, reserved 1048576K
}
Event: 2920.181 GC heap after
{Heap after GC invocations=46 (full 0):
 garbage-first heap   total 196608K, used 140845K [0x0000000080000000, 0x0000000100000000)
  region size 1024K, 2 young (2048K), 2 survivors (2048K)
 Metaspace       used 117012K, capacity 119893K, committed 120144K, reserved 1153024K
  class space    used 14572K, capacity 15695K, committed 15776K, reserved 1048576K
}
Event: 2920.682 GC heap before
{Heap before GC invocations=46 (full 0):
 garbage-first heap   total 196608K, used 160301K [0x0000000080000000, 0x0000000100000000)
  region size 1024K, 22 young (22528K), 2 survivors (2048K)
 Metaspace       used 119186K, capacity 122337K, committed 122576K, reserved 1155072K
  class space    used 14900K, capacity 16128K, committed 16160K, reserved 1048576K
}
Event: 2920.691 GC heap after
{Heap after GC invocations=47 (full 0):
 garbage-first heap   total 196608K, used 142822K [0x0000000080000000, 0x0000000100000000)
  region size 1024K, 4 young (4096K), 4 survivors (4096K)
 Metaspace       used 119186K, capacity 122337K, committed 122576K, reserved 1155072K
  class space    used 14900K, capacity 16128K, committed 16160K, reserved 1048576K
}
Event: 2921.200 GC heap before
{Heap before GC invocations=48 (full 0):
 garbage-first heap   total 196608K, used 166374K [0x0000000080000000, 0x0000000100000000)
  region size 1024K, 26 young (26624K), 4 survivors (4096K)
 Metaspace       used 121503K, capacity 124943K, committed 125136K, reserved 1157120K
  class space    used 15295K, capacity 16613K, committed 16672K, reserved 1048576K
}
Event: 2921.209 GC heap after
{Heap after GC invocations=49 (full 0):
 garbage-first heap   total 196608K, used 145270K [0x0000000080000000, 0x0000000100000000)
  region size 1024K, 2 young (2048K), 2 survivors (2048K)
 Metaspace       used 121503K, capacity 124943K, committed 125136K, reserved 1157120K
  class space    used 15295K, capacity 16613K, committed 16672K, reserved 1048576K
}
Event: 2921.326 GC heap before
{Heap before GC invocations=49 (full 0):
 garbage-first heap   total 196608K, used 152438K [0x0000000080000000, 0x0000000100000000)
  region size 1024K, 9 young (9216K), 2 survivors (2048K)
 Metaspace       used 121697K, capacity 125084K, committed 125392K, reserved 1159168K
  class space    used 15299K, capacity 16616K, committed 16672K, reserved 1048576K
}
Event: 2921.334 GC heap after
{Heap after GC invocations=50 (full 0):
 garbage-first heap   total 196608K, used 144133K [0x0000000080000000, 0x0000000100000000)
  region size 1024K, 1 young (1024K), 1 survivors (1024K)
 Metaspace       used 121697K, capacity 125084K, committed 125392K, reserved 1159168K
  class space    used 15299K, capacity 16616K, committed 16672K, reserved 1048576K
}
Event: 2922.301 GC heap before
{Heap before GC invocations=50 (full 0):
 garbage-first heap   total 196608K, used 166661K [0x0000000080000000, 0x0000000100000000)
  region size 1024K, 23 young (23552K), 1 survivors (1024K)
 Metaspace       used 121998K, capacity 125441K, committed 125648K, reserved 1159168K
  class space    used 15305K, capacity 16621K, committed 16672K, reserved 1048576K
}
Event: 2922.305 GC heap after
{Heap after GC invocations=51 (full 0):
 garbage-first heap   total 196608K, used 140185K [0x0000000080000000, 0x0000000100000000)
  region size 1024K, 1 young (1024K), 1 survivors (1024K)
 Metaspace       used 121998K, capacity 125441K, committed 125648K, reserved 1159168K
  class space    used 15305K, capacity 16621K, committed 16672K, reserved 1048576K
}
Event: 2929.201 GC heap before
{Heap before GC invocations=51 (full 0):
 garbage-first heap   total 196608K, used 165785K [0x0000000080000000, 0x0000000100000000)
  region size 1024K, 27 young (27648K), 1 survivors (1024K)
 Metaspace       used 123295K, capacity 126842K, committed 127056K, reserved 1159168K
  class space    used 15403K, capacity 16743K, committed 16800K, reserved 1048576K
}
Event: 2929.207 GC heap after
{Heap after GC invocations=52 (full 0):
 garbage-first heap   total 196608K, used 142574K [0x0000000080000000, 0x0000000100000000)
  region size 1024K, 3 young (3072K), 3 survivors (3072K)
 Metaspace       used 123295K, capacity 126842K, committed 127056K, reserved 1159168K
  class space    used 15403K, capacity 16743K, committed 16800K, reserved 1048576K
}

