# JRE version: OpenJDK Runtime Environment (11.0.13) (build 11.0.13+0-b1751.21-8125866)
# Java VM: OpenJDK 64-Bit Server VM (11.0.13+0-b1751.21-8125866, mixed mode, tiered, compressed oops, g1 gc, windows-amd64)
Heap:
 garbage-first heap   total 196608K, used 136282K [0x0000000080000000, 0x0000000100000000)
  region size 1024K, 21 young (21504K), 7 survivors (7168K)
 Metaspace       used 96193K, capacity 98494K, committed 98768K, reserved 1134592K
  class space    used 12338K, capacity 13219K, committed 13344K, reserved 1048576K
GC Heap History (20 events):
Event: 18.156 GC heap before
{Heap before GC invocations=13 (full 0):
 garbage-first heap   total 196608K, used 153579K [0x0000000080000000, 0x0000000100000000)
  region size 1024K, 92 young (94208K), 12 survivors (12288K)
 Metaspace       used 80962K, capacity 82874K, committed 83152K, reserved 1122304K
  class space    used 10520K, capacity 11231K, committed 11296K, reserved 1048576K
}
Event: 18.172 GC heap after
{Heap after GC invocations=14 (full 0):
 garbage-first heap   total 196608K, used 77000K [0x0000000080000000, 0x0000000100000000)
  region size 1024K, 11 young (11264K), 11 survivors (11264K)
 Metaspace       used 80962K, capacity 82874K, committed 83152K, reserved 1122304K
  class space    used 10520K, capacity 11231K, committed 11296K, reserved 1048576K
}
Event: 19.731 GC heap before
{Heap before GC invocations=14 (full 0):
 garbage-first heap   total 196608K, used 156872K [0x0000000080000000, 0x0000000100000000)
  region size 1024K, 89 young (91136K), 11 survivors (11264K)
 Metaspace       used 87085K, capacity 89154K, committed 89424K, reserved 1126400K
  class space    used 11336K, capacity 12122K, committed 12192K, reserved 1048576K
}
Event: 19.751 GC heap after
{Heap after GC invocations=15 (full 0):
 garbage-first heap   total 196608K, used 83446K [0x0000000080000000, 0x0000000100000000)
  region size 1024K, 12 young (12288K), 12 survivors (12288K)
 Metaspace       used 87085K, capacity 89154K, committed 89424K, reserved 1126400K
  class space    used 11336K, capacity 12122K, committed 12192K, reserved 1048576K
}
Event: 20.737 GC heap before
{Heap before GC invocations=15 (full 0):
 garbage-first heap   total 196608K, used 157174K [0x0000000080000000, 0x0000000100000000)
  region size 1024K, 85 young (87040K), 12 survivors (12288K)
 Metaspace       used 87970K, capacity 90205K, committed 90320K, reserved 1128448K
  class space    used 11443K, capacity 12293K, committed 12320K, reserved 1048576K
}
Event: 20.756 GC heap after
{Heap after GC invocations=16 (full 0):
 garbage-first heap   total 196608K, used 90894K [0x0000000080000000, 0x0000000100000000)
  region size 1024K, 8 young (8192K), 8 survivors (8192K)
 Metaspace       used 87970K, capacity 90205K, committed 90320K, reserved 1128448K
  class space    used 11443K, capacity 12293K, committed 12320K, reserved 1048576K
}
Event: 21.673 GC heap before
{Heap before GC invocations=16 (full 0):
 garbage-first heap   total 196608K, used 158478K [0x0000000080000000, 0x0000000100000000)
  region size 1024K, 75 young (76800K), 8 survivors (8192K)
 Metaspace       used 88594K, capacity 90850K, committed 90960K, reserved 1128448K
  class space    used 11492K, capacity 12354K, committed 12448K, reserved 1048576K
}
Event: 21.687 GC heap after
{Heap after GC invocations=17 (full 0):
 garbage-first heap   total 196608K, used 95245K [0x0000000080000000, 0x0000000100000000)
  region size 1024K, 7 young (7168K), 7 survivors (7168K)
 Metaspace       used 88594K, capacity 90850K, committed 90960K, reserved 1128448K
  class space    used 11492K, capacity 12354K, committed 12448K, reserved 1048576K
}
Event: 23.640 GC heap before
{Heap before GC invocations=17 (full 0):
 garbage-first heap   total 196608K, used 158733K [0x0000000080000000, 0x0000000100000000)
  region size 1024K, 70 young (71680K), 7 survivors (7168K)
 Metaspace       used 93105K, capacity 95475K, committed 95568K, reserved 1132544K
  class space    used 12000K, capacity 12909K, committed 12960K, reserved 1048576K
}
Event: 23.652 GC heap after
{Heap after GC invocations=18 (full 0):
 garbage-first heap   total 196608K, used 96778K [0x0000000080000000, 0x0000000100000000)
  region size 1024K, 2 young (2048K), 2 survivors (2048K)
 Metaspace       used 93105K, capacity 95475K, committed 95568K, reserved 1132544K
  class space    used 12000K, capacity 12909K, committed 12960K, reserved 1048576K
}
Event: 25.080 GC heap before
{Heap before GC invocations=19 (full 0):
 garbage-first heap   total 196608K, used 161290K [0x0000000080000000, 0x0000000100000000)
  region size 1024K, 66 young (67584K), 2 survivors (2048K)
 Metaspace       used 94601K, capacity 96797K, committed 97616K, reserved 1134592K
  class space    used 12108K, capacity 12957K, committed 13216K, reserved 1048576K
}
Event: 25.096 GC heap after
{Heap after GC invocations=20 (full 0):
 garbage-first heap   total 196608K, used 102378K [0x0000000080000000, 0x0000000100000000)
  region size 1024K, 8 young (8192K), 8 survivors (8192K)
 Metaspace       used 94601K, capacity 96797K, committed 97616K, reserved 1134592K
  class space    used 12108K, capacity 12957K, committed 13216K, reserved 1048576K
}
Event: 26.746 GC heap before
{Heap before GC invocations=20 (full 0):
 garbage-first heap   total 196608K, used 160746K [0x0000000080000000, 0x0000000100000000)
  region size 1024K, 66 young (67584K), 8 survivors (8192K)
 Metaspace       used 94844K, capacity 97117K, committed 97616K, reserved 1134592K
  class space    used 12147K, capacity 13037K, committed 13216K, reserved 1048576K
}
Event: 26.764 GC heap after
{Heap after GC invocations=21 (full 0):
 garbage-first heap   total 196608K, used 105988K [0x0000000080000000, 0x0000000100000000)
  region size 1024K, 6 young (6144K), 6 survivors (6144K)
 Metaspace       used 94844K, capacity 97117K, committed 97616K, reserved 1134592K
  class space    used 12147K, capacity 13037K, committed 13216K, reserved 1048576K
}
Event: 27.262 GC heap before
{Heap before GC invocations=22 (full 0):
 garbage-first heap   total 196608K, used 117252K [0x0000000080000000, 0x0000000100000000)
  region size 1024K, 19 young (19456K), 6 survivors (6144K)
 Metaspace       used 94972K, capacity 97213K, committed 97616K, reserved 1134592K
  class space    used 12167K, capacity 13047K, committed 13216K, reserved 1048576K
}
Event: 27.273 GC heap after
{Heap after GC invocations=23 (full 0):
 garbage-first heap   total 196608K, used 106583K [0x0000000080000000, 0x0000000100000000)
  region size 1024K, 2 young (2048K), 2 survivors (2048K)
 Metaspace       used 94972K, capacity 97213K, committed 97616K, reserved 1134592K
  class space    used 12167K, capacity 13047K, committed 13216K, reserved 1048576K
}
Event: 27.779 GC heap before
{Heap before GC invocations=24 (full 0):
 garbage-first heap   total 196608K, used 166999K [0x0000000080000000, 0x0000000100000000)
  region size 1024K, 58 young (59392K), 2 survivors (2048K)
 Metaspace       used 95158K, capacity 97390K, committed 97872K, reserved 1134592K
  class space    used 12197K, capacity 13085K, committed 13216K, reserved 1048576K
}
Event: 27.788 GC heap after
{Heap after GC invocations=25 (full 0):
 garbage-first heap   total 196608K, used 116253K [0x0000000080000000, 0x0000000100000000)
  region size 1024K, 8 young (8192K), 8 survivors (8192K)
 Metaspace       used 95158K, capacity 97390K, committed 97872K, reserved 1134592K
  class space    used 12197K, capacity 13085K, committed 13216K, reserved 1048576K
}
Event: 28.135 GC heap before
{Heap before GC invocations=25 (full 0):
 garbage-first heap   total 196608K, used 162333K [0x0000000080000000, 0x0000000100000000)
  region size 1024K, 53 young (54272K), 8 survivors (8192K)
 Metaspace       used 95738K, capacity 98059K, committed 98512K, reserved 1134592K
  class space    used 12289K, capacity 13181K, committed 13344K, reserved 1048576K
}
Event: 28.153 GC heap after
{Heap after GC invocations=26 (full 0):
 garbage-first heap   total 196608K, used 123994K [0x0000000080000000, 0x0000000100000000)
  region size 1024K, 7 young (7168K), 7 survivors (7168K)
 Metaspace       used 95738K, capacity 98059K, committed 98512K, reserved 1134592K
  class space    used 12289K, capacity 13181K, committed 13344K, reserved 1048576K
}

